<!DOCTYPE html PUBLIC "-//W3C//DTD XHTML 1.1//EN" "http://www.w3.org/TR/xhtml11/DTD/xhtml11.dtd">
<html xmlns="http://www.w3.org/1999/xhtml"><head><title>TestNG Report</title><style type="text/css">table {margin-bottom:10px;border-collapse:collapse;empty-cells:show}th,td {border:1px solid #009;padding:.25em .5em}th {vertical-align:bottom}td {vertical-align:top}table a {font-weight:bold}.stripe td {background-color: #E6EBF9}.num {text-align:right}.passedodd td {background-color: #3F3}.passedeven td {background-color: #0A0}.skippedodd td {background-color: #DDD}.skippedeven td {background-color: #CCC}.failedodd td,.attn {background-color: #F33}.failedeven td,.stripe .attn {background-color: #D00}.stacktrace {white-space:pre;font-family:monospace}.totop {font-size:85%;text-align:center;border-bottom:2px solid #000}</style></head><body><table><tr><th>Test</th><th># Passed</th><th># Skipped</th><th># Failed</th><th>Time (ms)</th><th>Included Groups</th><th>Excluded Groups</th></tr><tr><th colspan="7">Suite</th></tr><tr><td><a href="#t0">Test</a></td><td class="num">4</td><td class="num">0</td><td class="num attn">2</td><td class="num">40,985</td><td></td><td></td></tr></table><table id='summary'><thead><tr><th>Class</th><th>Method</th><th>Start</th><th>Time (ms)</th></tr></thead><tbody><tr><th colspan="4">Suite</th></tr></tbody><tbody id="t0"><tr><th colspan="4">Test &#8212; failed</th></tr><tr class="failedeven"><td rowspan="1">com.Test_Cases.Add_To_Cart_Test</td><td><a href="#m0">validateCompleteCheckoutWithValidProductPositiveFlow</a></td><td rowspan="1">1724445401022</td><td rowspan="1">11216</td></tr><tr class="failedodd"><td rowspan="1">com.Test_Cases.Checkout_Test</td><td><a href="#m1">checkOut</a></td><td rowspan="1">1724445379000</td><td rowspan="1">31</td></tr><tr><th colspan="4">Test &#8212; passed</th></tr><tr class="passedeven"><td rowspan="1">com.Test_Cases.Add_To_Cart_Test</td><td><a href="#m2">addToCartValidProduct</a></td><td rowspan="1">1724445397333</td><td rowspan="1">66</td></tr><tr class="passedodd"><td rowspan="1">com.Test_Cases.LoginTest</td><td><a href="#m3">validLoginWithValidCredentials</a></td><td rowspan="1">1724445388786</td><td rowspan="1">1108</td></tr><tr class="passedeven"><td rowspan="1">com.Test_Cases.RegisterTest</td><td><a href="#m4">verifyRegisterWithAllDetails</a></td><td rowspan="1">1724445383262</td><td rowspan="1">1740</td></tr><tr class="passedodd"><td rowspan="1">com.Test_Cases.Search_ProductTest</td><td><a href="#m5">verifySearchResultsAreDisplayed</a></td><td rowspan="1">1724445392928</td><td rowspan="1">569</td></tr></tbody></table><h2>Test</h2><h3 id="m0">com.Test_Cases.Add_To_Cart_Test#validateCompleteCheckoutWithValidProductPositiveFlow</h3><table class="result"><tr><th>Exception</th></tr><tr><td><div class="stacktrace">org.openqa.selenium.NoSuchElementException: no such element: Unable to locate element: {&quot;method&quot;:&quot;xpath&quot;,&quot;selector&quot;:&quot;//div[contains(@class, &apos;alert-dismissible&apos;)]&quot;}
  (Session info: chrome=127.0.6533.120)
For documentation on this error, please visit: https://www.selenium.dev/documentation/webdriver/troubleshooting/errors#no-such-element-exception
Build info: version: &apos;4.21.0&apos;, revision: &apos;79ed462ef4&apos;
System info: os.name: &apos;Windows 10&apos;, os.arch: &apos;amd64&apos;, os.version: &apos;10.0&apos;, java.version: &apos;17.0.10&apos;
Driver info: org.openqa.selenium.chrome.ChromeDriver
Command: [d044c89dd67e97fe093687c6408e4267, findElement {using=xpath, value=//div[contains(@class, &apos;alert-dismissible&apos;)]}]
Capabilities {acceptInsecureCerts: false, browserName: chrome, browserVersion: 127.0.6533.120, chrome: {chromedriverVersion: 127.0.6533.119 (bdef6783a05..., userDataDir: C:\Users\abirl\AppData\Loca...}, fedcm:accounts: true, goog:chromeOptions: {debuggerAddress: localhost:63142}, networkConnectionEnabled: false, pageLoadStrategy: eager, platformName: windows, proxy: Proxy(), se:cdp: ws://localhost:63142/devtoo..., se:cdpVersion: 127.0.6533.120, setWindowRect: true, strictFileInteractability: false, timeouts: {implicit: 0, pageLoad: 300000, script: 30000}, unhandledPromptBehavior: dismiss and notify, webauthn:extension:credBlob: true, webauthn:extension:largeBlob: true, webauthn:extension:minPinLength: true, webauthn:extension:prf: true, webauthn:virtualAuthenticators: true}
Session ID: d044c89dd67e97fe093687c6408e4267
	at org.openqa.selenium.remote.ErrorCodec.decode(ErrorCodec.java:167)
	at org.openqa.selenium.remote.codec.w3c.W3CHttpResponseCodec.decode(W3CHttpResponseCodec.java:138)
	at org.openqa.selenium.remote.codec.w3c.W3CHttpResponseCodec.decode(W3CHttpResponseCodec.java:50)
	at org.openqa.selenium.remote.HttpCommandExecutor.execute(HttpCommandExecutor.java:190)
	at org.openqa.selenium.remote.service.DriverCommandExecutor.invokeExecute(DriverCommandExecutor.java:216)
	at org.openqa.selenium.remote.service.DriverCommandExecutor.execute(DriverCommandExecutor.java:174)
	at org.openqa.selenium.remote.RemoteWebDriver.execute(RemoteWebDriver.java:518)
	at org.openqa.selenium.remote.ElementLocation$ElementFinder$2.findElement(ElementLocation.java:165)
	at org.openqa.selenium.remote.ElementLocation.findElement(ElementLocation.java:59)
	at org.openqa.selenium.remote.RemoteWebDriver.findElement(RemoteWebDriver.java:355)
	at org.openqa.selenium.remote.RemoteWebDriver.findElement(RemoteWebDriver.java:349)
	at com.Test_Cases.Add_To_Cart_Test.validateCompleteCheckoutWithValidProductPositiveFlow(Add_To_Cart_Test.java:46)
... Removed 30 stack frames</div></td></tr></table><p class="totop"><a href="#summary">back to summary</a></p><h3 id="m1">com.Test_Cases.Checkout_Test#checkOut</h3><table class="result"><tr><th>Exception</th></tr><tr><td><div class="stacktrace">java.lang.NullPointerException: Cannot invoke &quot;org.openqa.selenium.WebElement.click()&quot; because &quot;this.items&quot; is null
	at com.Pages.CheckoutPage.items(CheckoutPage.java:39)
	at com.Test_Cases.Checkout_Test.checkOut(Checkout_Test.java:46)
... Removed 25 stack frames</div></td></tr></table><p class="totop"><a href="#summary">back to summary</a></p><h3 id="m2">com.Test_Cases.Add_To_Cart_Test#addToCartValidProduct</h3><table class="result"></table><p class="totop"><a href="#summary">back to summary</a></p><h3 id="m3">com.Test_Cases.LoginTest#validLoginWithValidCredentials</h3><table class="result"></table><p class="totop"><a href="#summary">back to summary</a></p><h3 id="m4">com.Test_Cases.RegisterTest#verifyRegisterWithAllDetails</h3><table class="result"></table><p class="totop"><a href="#summary">back to summary</a></p><h3 id="m5">com.Test_Cases.Search_ProductTest#verifySearchResultsAreDisplayed</h3><table class="result"></table><p class="totop"><a href="#summary">back to summary</a></p></body></html>