<?xml version="1.0" encoding="UTF-8"?>
<testng-results ignored="0" total="6" passed="4" failed="2" skipped="0">
  <reporter-output>
  </reporter-output>
  <suite started-at="2024-08-23T20:36:13Z" name="Suite" finished-at="2024-08-23T20:36:54Z" duration-ms="40985">
    <groups>
    </groups>
    <test started-at="2024-08-23T20:36:13Z" name="Test" finished-at="2024-08-23T20:36:54Z" duration-ms="40985">
      <class name="com.Test_Cases.Search_ProductTest">
        <test-method is-config="true" signature="startUp()[pri:0, instance:com.Test_Cases.Search_ProductTest@59a008ba]" started-at="2024-08-23T16:36:30Z" name="startUp" finished-at="2024-08-23T16:36:32Z" duration-ms="2841" status="PASS">
          <reporter-output>
          </reporter-output>
        </test-method> <!-- startUp -->
        <test-method signature="verifySearchResultsAreDisplayed()[pri:0, instance:com.Test_Cases.Search_ProductTest@59a008ba]" started-at="2024-08-23T16:36:32Z" name="verifySearchResultsAreDisplayed" finished-at="2024-08-23T16:36:33Z" duration-ms="569" status="PASS">
          <reporter-output>
          </reporter-output>
        </test-method> <!-- verifySearchResultsAreDisplayed -->
        <test-method is-config="true" signature="tearDown()[pri:0, instance:com.Test_Cases.Search_ProductTest@59a008ba]" started-at="2024-08-23T16:36:33Z" name="tearDown" finished-at="2024-08-23T16:36:33Z" duration-ms="249" status="PASS">
          <reporter-output>
          </reporter-output>
        </test-method> <!-- tearDown -->
      </class> <!-- com.Test_Cases.Search_ProductTest -->
      <class name="com.Test_Cases.RegisterTest">
        <test-method is-config="true" signature="Setup()[pri:0, instance:com.Test_Cases.RegisterTest@7a220c9a]" started-at="2024-08-23T16:36:19Z" name="Setup" finished-at="2024-08-23T16:36:23Z" duration-ms="3679" status="PASS">
          <reporter-output>
          </reporter-output>
        </test-method> <!-- Setup -->
        <test-method signature="verifyRegisterWithAllDetails()[pri:0, instance:com.Test_Cases.RegisterTest@7a220c9a]" started-at="2024-08-23T16:36:23Z" name="verifyRegisterWithAllDetails" finished-at="2024-08-23T16:36:25Z" duration-ms="1740" status="PASS">
          <reporter-output>
          </reporter-output>
        </test-method> <!-- verifyRegisterWithAllDetails -->
        <test-method is-config="true" signature="tearDown()[pri:0, instance:com.Test_Cases.RegisterTest@7a220c9a]" started-at="2024-08-23T16:36:25Z" name="tearDown" finished-at="2024-08-23T16:36:25Z" duration-ms="169" status="PASS">
          <reporter-output>
          </reporter-output>
        </test-method> <!-- tearDown -->
      </class> <!-- com.Test_Cases.RegisterTest -->
      <class name="com.Test_Cases.LoginTest">
        <test-method is-config="true" signature="Setup()[pri:0, instance:com.Test_Cases.LoginTest@2421cc4]" started-at="2024-08-23T16:36:25Z" name="Setup" finished-at="2024-08-23T16:36:28Z" duration-ms="3613" status="PASS">
          <reporter-output>
          </reporter-output>
        </test-method> <!-- Setup -->
        <test-method signature="validLoginWithValidCredentials()[pri:0, instance:com.Test_Cases.LoginTest@2421cc4]" started-at="2024-08-23T16:36:28Z" name="validLoginWithValidCredentials" finished-at="2024-08-23T16:36:29Z" duration-ms="1108" status="PASS">
          <reporter-output>
          </reporter-output>
        </test-method> <!-- validLoginWithValidCredentials -->
        <test-method is-config="true" signature="tearDown()[pri:0, instance:com.Test_Cases.LoginTest@2421cc4]" started-at="2024-08-23T16:36:29Z" name="tearDown" finished-at="2024-08-23T16:36:30Z" duration-ms="188" status="PASS">
          <reporter-output>
          </reporter-output>
        </test-method> <!-- tearDown -->
      </class> <!-- com.Test_Cases.LoginTest -->
      <class name="com.Test_Cases.Checkout_Test">
        <test-method is-config="true" signature="completeCheckOutSetup()[pri:0, instance:com.Test_Cases.Checkout_Test@68702e03]" started-at="2024-08-23T16:36:13Z" name="completeCheckOutSetup" finished-at="2024-08-23T16:36:19Z" duration-ms="5436" status="PASS">
          <reporter-output>
          </reporter-output>
        </test-method> <!-- completeCheckOutSetup -->
        <test-method signature="checkOut()[pri:0, instance:com.Test_Cases.Checkout_Test@68702e03]" started-at="2024-08-23T16:36:19Z" name="checkOut" finished-at="2024-08-23T16:36:19Z" duration-ms="31" status="FAIL">
          <exception class="java.lang.NullPointerException">
            <message>
              <![CDATA[Cannot invoke "org.openqa.selenium.WebElement.click()" because "this.items" is null]]>
            </message>
            <full-stacktrace>
              <![CDATA[java.lang.NullPointerException: Cannot invoke "org.openqa.selenium.WebElement.click()" because "this.items" is null
	at com.Pages.CheckoutPage.items(CheckoutPage.java:39)
	at com.Test_Cases.Checkout_Test.checkOut(Checkout_Test.java:46)
	at java.base/jdk.internal.reflect.NativeMethodAccessorImpl.invoke0(Native Method)
	at java.base/jdk.internal.reflect.NativeMethodAccessorImpl.invoke(NativeMethodAccessorImpl.java:77)
	at java.base/jdk.internal.reflect.DelegatingMethodAccessorImpl.invoke(DelegatingMethodAccessorImpl.java:43)
	at java.base/java.lang.reflect.Method.invoke(Method.java:568)
	at org.testng.internal.MethodInvocationHelper.invokeMethod(MethodInvocationHelper.java:108)
	at org.testng.internal.Invoker.invokeMethod(Invoker.java:661)
	at org.testng.internal.Invoker.invokeTestMethod(Invoker.java:869)
	at org.testng.internal.Invoker.invokeTestMethods(Invoker.java:1193)
	at org.testng.internal.TestMethodWorker.invokeTestMethods(TestMethodWorker.java:126)
	at org.testng.internal.TestMethodWorker.run(TestMethodWorker.java:109)
	at org.testng.TestRunner.privateRun(TestRunner.java:744)
	at org.testng.TestRunner.run(TestRunner.java:602)
	at org.testng.SuiteRunner.runTest(SuiteRunner.java:380)
	at org.testng.SuiteRunner.runSequentially(SuiteRunner.java:375)
	at org.testng.SuiteRunner.privateRun(SuiteRunner.java:340)
	at org.testng.SuiteRunner.run(SuiteRunner.java:289)
	at org.testng.SuiteRunnerWorker.runSuite(SuiteRunnerWorker.java:52)
	at org.testng.SuiteRunnerWorker.run(SuiteRunnerWorker.java:86)
	at org.testng.TestNG.runSuitesSequentially(TestNG.java:1301)
	at org.testng.TestNG.runSuitesLocally(TestNG.java:1226)
	at org.testng.TestNG.runSuites(TestNG.java:1144)
	at org.testng.TestNG.run(TestNG.java:1115)
	at org.testng.remote.AbstractRemoteTestNG.run(AbstractRemoteTestNG.java:115)
	at org.testng.remote.RemoteTestNG.initAndRun(RemoteTestNG.java:251)
	at org.testng.remote.RemoteTestNG.main(RemoteTestNG.java:77)
]]>
            </full-stacktrace>
          </exception> <!-- java.lang.NullPointerException -->
          <reporter-output>
          </reporter-output>
        </test-method> <!-- checkOut -->
        <test-method is-config="true" signature="tearDown()[pri:0, instance:com.Test_Cases.Checkout_Test@68702e03]" started-at="2024-08-23T16:36:19Z" name="tearDown" finished-at="2024-08-23T16:36:19Z" duration-ms="309" status="PASS">
          <reporter-output>
          </reporter-output>
        </test-method> <!-- tearDown -->
      </class> <!-- com.Test_Cases.Checkout_Test -->
      <class name="com.Test_Cases.Add_To_Cart_Test">
        <test-method is-config="true" signature="completeCheckOutSetup()[pri:0, instance:com.Test_Cases.Add_To_Cart_Test@30c93896]" started-at="2024-08-23T16:36:33Z" name="completeCheckOutSetup" finished-at="2024-08-23T16:36:37Z" duration-ms="3584" status="PASS">
          <reporter-output>
          </reporter-output>
        </test-method> <!-- completeCheckOutSetup -->
        <test-method signature="addToCartValidProduct()[pri:1, instance:com.Test_Cases.Add_To_Cart_Test@30c93896]" started-at="2024-08-23T16:36:37Z" name="addToCartValidProduct" finished-at="2024-08-23T16:36:37Z" duration-ms="66" status="PASS">
          <reporter-output>
          </reporter-output>
        </test-method> <!-- addToCartValidProduct -->
        <test-method is-config="true" signature="tearDown()[pri:0, instance:com.Test_Cases.Add_To_Cart_Test@30c93896]" started-at="2024-08-23T16:36:37Z" name="tearDown" finished-at="2024-08-23T16:36:37Z" duration-ms="210" status="PASS">
          <reporter-output>
          </reporter-output>
        </test-method> <!-- tearDown -->
        <test-method is-config="true" signature="completeCheckOutSetup()[pri:0, instance:com.Test_Cases.Add_To_Cart_Test@30c93896]" started-at="2024-08-23T16:36:37Z" name="completeCheckOutSetup" finished-at="2024-08-23T16:36:41Z" duration-ms="3409" status="PASS">
          <reporter-output>
          </reporter-output>
        </test-method> <!-- completeCheckOutSetup -->
        <test-method signature="validateCompleteCheckoutWithValidProductPositiveFlow()[pri:2, instance:com.Test_Cases.Add_To_Cart_Test@30c93896]" started-at="2024-08-23T16:36:41Z" name="validateCompleteCheckoutWithValidProductPositiveFlow" finished-at="2024-08-23T16:36:52Z" duration-ms="11216" status="FAIL">
          <exception class="org.openqa.selenium.NoSuchElementException">
            <message>
              <![CDATA[no such element: Unable to locate element: {"method":"xpath","selector":"//div[contains(@class, 'alert-dismissible')]"}
  (Session info: chrome=127.0.6533.120)
For documentation on this error, please visit: https://www.selenium.dev/documentation/webdriver/troubleshooting/errors#no-such-element-exception
Build info: version: '4.21.0', revision: '79ed462ef4'
System info: os.name: 'Windows 10', os.arch: 'amd64', os.version: '10.0', java.version: '17.0.10'
Driver info: org.openqa.selenium.chrome.ChromeDriver
Command: [d044c89dd67e97fe093687c6408e4267, findElement {using=xpath, value=//div[contains(@class, 'alert-dismissible')]}]
Capabilities {acceptInsecureCerts: false, browserName: chrome, browserVersion: 127.0.6533.120, chrome: {chromedriverVersion: 127.0.6533.119 (bdef6783a05..., userDataDir: C:\Users\abirl\AppData\Loca...}, fedcm:accounts: true, goog:chromeOptions: {debuggerAddress: localhost:63142}, networkConnectionEnabled: false, pageLoadStrategy: eager, platformName: windows, proxy: Proxy(), se:cdp: ws://localhost:63142/devtoo..., se:cdpVersion: 127.0.6533.120, setWindowRect: true, strictFileInteractability: false, timeouts: {implicit: 0, pageLoad: 300000, script: 30000}, unhandledPromptBehavior: dismiss and notify, webauthn:extension:credBlob: true, webauthn:extension:largeBlob: true, webauthn:extension:minPinLength: true, webauthn:extension:prf: true, webauthn:virtualAuthenticators: true}
Session ID: d044c89dd67e97fe093687c6408e4267]]>
            </message>
            <full-stacktrace>
              <![CDATA[org.openqa.selenium.NoSuchElementException: no such element: Unable to locate element: {"method":"xpath","selector":"//div[contains(@class, 'alert-dismissible')]"}
  (Session info: chrome=127.0.6533.120)
For documentation on this error, please visit: https://www.selenium.dev/documentation/webdriver/troubleshooting/errors#no-such-element-exception
Build info: version: '4.21.0', revision: '79ed462ef4'
System info: os.name: 'Windows 10', os.arch: 'amd64', os.version: '10.0', java.version: '17.0.10'
Driver info: org.openqa.selenium.chrome.ChromeDriver
Command: [d044c89dd67e97fe093687c6408e4267, findElement {using=xpath, value=//div[contains(@class, 'alert-dismissible')]}]
Capabilities {acceptInsecureCerts: false, browserName: chrome, browserVersion: 127.0.6533.120, chrome: {chromedriverVersion: 127.0.6533.119 (bdef6783a05..., userDataDir: C:\Users\abirl\AppData\Loca...}, fedcm:accounts: true, goog:chromeOptions: {debuggerAddress: localhost:63142}, networkConnectionEnabled: false, pageLoadStrategy: eager, platformName: windows, proxy: Proxy(), se:cdp: ws://localhost:63142/devtoo..., se:cdpVersion: 127.0.6533.120, setWindowRect: true, strictFileInteractability: false, timeouts: {implicit: 0, pageLoad: 300000, script: 30000}, unhandledPromptBehavior: dismiss and notify, webauthn:extension:credBlob: true, webauthn:extension:largeBlob: true, webauthn:extension:minPinLength: true, webauthn:extension:prf: true, webauthn:virtualAuthenticators: true}
Session ID: d044c89dd67e97fe093687c6408e4267
	at java.base/jdk.internal.reflect.NativeConstructorAccessorImpl.newInstance0(Native Method)
	at java.base/jdk.internal.reflect.NativeConstructorAccessorImpl.newInstance(NativeConstructorAccessorImpl.java:77)
	at java.base/jdk.internal.reflect.DelegatingConstructorAccessorImpl.newInstance(DelegatingConstructorAccessorImpl.java:45)
	at java.base/java.lang.reflect.Constructor.newInstanceWithCaller(Constructor.java:499)
	at java.base/java.lang.reflect.Constructor.newInstance(Constructor.java:480)
	at org.openqa.selenium.remote.ErrorCodec.decode(ErrorCodec.java:167)
	at org.openqa.selenium.remote.codec.w3c.W3CHttpResponseCodec.decode(W3CHttpResponseCodec.java:138)
	at org.openqa.selenium.remote.codec.w3c.W3CHttpResponseCodec.decode(W3CHttpResponseCodec.java:50)
	at org.openqa.selenium.remote.HttpCommandExecutor.execute(HttpCommandExecutor.java:190)
	at org.openqa.selenium.remote.service.DriverCommandExecutor.invokeExecute(DriverCommandExecutor.java:216)
	at org.openqa.selenium.remote.service.DriverCommandExecutor.execute(DriverCommandExecutor.java:174)
	at org.openqa.selenium.remote.RemoteWebDriver.execute(RemoteWebDriver.java:518)
	at org.openqa.selenium.remote.ElementLocation$ElementFinder$2.findElement(ElementLocation.java:165)
	at org.openqa.selenium.remote.ElementLocation.findElement(ElementLocation.java:59)
	at org.openqa.selenium.remote.RemoteWebDriver.findElement(RemoteWebDriver.java:355)
	at org.openqa.selenium.remote.RemoteWebDriver.findElement(RemoteWebDriver.java:349)
	at com.Test_Cases.Add_To_Cart_Test.validateCompleteCheckoutWithValidProductPositiveFlow(Add_To_Cart_Test.java:46)
	at java.base/jdk.internal.reflect.NativeMethodAccessorImpl.invoke0(Native Method)
	at java.base/jdk.internal.reflect.NativeMethodAccessorImpl.invoke(NativeMethodAccessorImpl.java:77)
	at java.base/jdk.internal.reflect.DelegatingMethodAccessorImpl.invoke(DelegatingMethodAccessorImpl.java:43)
	at java.base/java.lang.reflect.Method.invoke(Method.java:568)
	at org.testng.internal.MethodInvocationHelper.invokeMethod(MethodInvocationHelper.java:108)
	at org.testng.internal.Invoker.invokeMethod(Invoker.java:661)
	at org.testng.internal.Invoker.invokeTestMethod(Invoker.java:869)
	at org.testng.internal.Invoker.invokeTestMethods(Invoker.java:1193)
	at org.testng.internal.TestMethodWorker.invokeTestMethods(TestMethodWorker.java:126)
	at org.testng.internal.TestMethodWorker.run(TestMethodWorker.java:109)
	at org.testng.TestRunner.privateRun(TestRunner.java:744)
	at org.testng.TestRunner.run(TestRunner.java:602)
	at org.testng.SuiteRunner.runTest(SuiteRunner.java:380)
	at org.testng.SuiteRunner.runSequentially(SuiteRunner.java:375)
	at org.testng.SuiteRunner.privateRun(SuiteRunner.java:340)
	at org.testng.SuiteRunner.run(SuiteRunner.java:289)
	at org.testng.SuiteRunnerWorker.runSuite(SuiteRunnerWorker.java:52)
	at org.testng.SuiteRunnerWorker.run(SuiteRunnerWorker.java:86)
	at org.testng.TestNG.runSuitesSequentially(TestNG.java:1301)
	at org.testng.TestNG.runSuitesLocally(TestNG.java:1226)
	at org.testng.TestNG.runSuites(TestNG.java:1144)
	at org.testng.TestNG.run(TestNG.java:1115)
	at org.testng.remote.AbstractRemoteTestNG.run(AbstractRemoteTestNG.java:115)
	at org.testng.remote.RemoteTestNG.initAndRun(RemoteTestNG.java:251)
	at org.testng.remote.RemoteTestNG.main(RemoteTestNG.java:77)
]]>
            </full-stacktrace>
          </exception> <!-- org.openqa.selenium.NoSuchElementException -->
          <reporter-output>
          </reporter-output>
        </test-method> <!-- validateCompleteCheckoutWithValidProductPositiveFlow -->
        <test-method is-config="true" signature="tearDown()[pri:0, instance:com.Test_Cases.Add_To_Cart_Test@30c93896]" started-at="2024-08-23T16:36:52Z" name="tearDown" finished-at="2024-08-23T16:36:54Z" duration-ms="1765" status="PASS">
          <reporter-output>
          </reporter-output>
        </test-method> <!-- tearDown -->
      </class> <!-- com.Test_Cases.Add_To_Cart_Test -->
    </test> <!-- Test -->
  </suite> <!-- Suite -->
</testng-results>
